<![LOG[DeviceConfigurationButton clicked]LOG]!><time=\10:20:57.022+02:00\ date=\06-24-2024\ component=\DeviceConfiguration-Button\ context=\\ type=\1\ thread=\17\ file=\DeviceConfigurationButton.ps1\>
<![LOG[Set CurrentPolicyType to deviceConfigurations]LOG]!><time=\10:20:57.024+02:00\ date=\06-24-2024\ component=\DeviceConfiguration-Button\ context=\\ type=\1\ thread=\17\ file=\DeviceConfigurationButton.ps1\>
<![LOG[Starting Get-GraphData for https://graph.microsoft.com/beta/deviceManagement/deviceConfigurations?$expand=assignments]LOG]!><time=\10:20:57.027+02:00\ date=\06-24-2024\ component=\Get-GraphData\ context=\\ type=\1\ thread=\17\ file=\Functions.ps1\>
<![LOG[Fetching data from https://graph.microsoft.com/beta/deviceManagement/deviceConfigurations?$expand=assignments]LOG]!><time=\10:20:57.027+02:00\ date=\06-24-2024\ component=\Get-GraphData\ context=\\ type=\1\ thread=\17\ file=\Functions.ps1\>
<![LOG[Successfully fetched all data]LOG]!><time=\10:20:57.787+02:00\ date=\06-24-2024\ component=\Get-GraphData\ context=\\ type=\1\ thread=\17\ file=\Functions.ps1\>
<![LOG[Starting Get-AllSecurityGroups]LOG]!><time=\10:20:57.790+02:00\ date=\06-24-2024\ component=\Get-AllSecurityGroups\ context=\\ type=\1\ thread=\17\ file=\Functions.ps1\>
<![LOG[Fetching security groups from https://graph.microsoft.com/beta/groups]LOG]!><time=\10:20:57.792+02:00\ date=\06-24-2024\ component=\Get-AllSecurityGroups\ context=\\ type=\1\ thread=\17\ file=\Functions.ps1\>
<![LOG[Successfully fetched security groups]LOG]!><time=\10:20:57.959+02:00\ date=\06-24-2024\ component=\Get-AllSecurityGroups\ context=\\ type=\1\ thread=\17\ file=\Functions.ps1\>
<![LOG[Starting Get-AllAssignmentFilters]LOG]!><time=\10:20:58.013+02:00\ date=\06-24-2024\ component=\Get-AllAssignmentFilters\ context=\\ type=\1\ thread=\17\ file=\Functions.ps1\>
<![LOG[Fetching assignment filters from https://graph.microsoft.com/beta/deviceManagement/assignmentFilters]LOG]!><time=\10:20:58.014+02:00\ date=\06-24-2024\ component=\Get-AllAssignmentFilters\ context=\\ type=\1\ thread=\17\ file=\Functions.ps1\>
<![LOG[Successfully fetched assignment filters]LOG]!><time=\10:20:58.182+02:00\ date=\06-24-2024\ component=\Get-AllAssignmentFilters\ context=\\ type=\1\ thread=\17\ file=\Functions.ps1\>
<![LOG[Called Load-PolicyData for deviceConfigurations]LOG]!><time=\10:20:58.199+02:00\ date=\06-24-2024\ component=\DeviceConfiguration-Button\ context=\\ type=\1\ thread=\17\ file=\DeviceConfigurationButton.ps1\>
<![LOG[DeviceConfigurationButton clicked]LOG]!><time=\10:21:05.955+02:00\ date=\06-24-2024\ component=\DeviceConfiguration-Button\ context=\\ type=\1\ thread=\17\ file=\DeviceConfigurationButton.ps1\>
<![LOG[Set CurrentPolicyType to deviceConfigurations]LOG]!><time=\10:21:05.956+02:00\ date=\06-24-2024\ component=\DeviceConfiguration-Button\ context=\\ type=\1\ thread=\17\ file=\DeviceConfigurationButton.ps1\>
<![LOG[Starting Get-GraphData for https://graph.microsoft.com/beta/deviceManagement/deviceConfigurations?$expand=assignments]LOG]!><time=\10:21:05.958+02:00\ date=\06-24-2024\ component=\Get-GraphData\ context=\\ type=\1\ thread=\17\ file=\Functions.ps1\>
<![LOG[Fetching data from https://graph.microsoft.com/beta/deviceManagement/deviceConfigurations?$expand=assignments]LOG]!><time=\10:21:05.959+02:00\ date=\06-24-2024\ component=\Get-GraphData\ context=\\ type=\1\ thread=\17\ file=\Functions.ps1\>
<![LOG[Successfully fetched all data]LOG]!><time=\10:21:06.437+02:00\ date=\06-24-2024\ component=\Get-GraphData\ context=\\ type=\1\ thread=\17\ file=\Functions.ps1\>
<![LOG[Starting Get-AllSecurityGroups]LOG]!><time=\10:21:06.439+02:00\ date=\06-24-2024\ component=\Get-AllSecurityGroups\ context=\\ type=\1\ thread=\17\ file=\Functions.ps1\>
<![LOG[Fetching security groups from https://graph.microsoft.com/beta/groups]LOG]!><time=\10:21:06.439+02:00\ date=\06-24-2024\ component=\Get-AllSecurityGroups\ context=\\ type=\1\ thread=\17\ file=\Functions.ps1\>
<![LOG[Successfully fetched security groups]LOG]!><time=\10:21:06.576+02:00\ date=\06-24-2024\ component=\Get-AllSecurityGroups\ context=\\ type=\1\ thread=\17\ file=\Functions.ps1\>
<![LOG[Starting Get-AllAssignmentFilters]LOG]!><time=\10:21:06.586+02:00\ date=\06-24-2024\ component=\Get-AllAssignmentFilters\ context=\\ type=\1\ thread=\17\ file=\Functions.ps1\>
<![LOG[Fetching assignment filters from https://graph.microsoft.com/beta/deviceManagement/assignmentFilters]LOG]!><time=\10:21:06.587+02:00\ date=\06-24-2024\ component=\Get-AllAssignmentFilters\ context=\\ type=\1\ thread=\17\ file=\Functions.ps1\>
<![LOG[Successfully fetched assignment filters]LOG]!><time=\10:21:06.717+02:00\ date=\06-24-2024\ component=\Get-AllAssignmentFilters\ context=\\ type=\1\ thread=\17\ file=\Functions.ps1\>
<![LOG[Called Load-PolicyData for deviceConfigurations]LOG]!><time=\10:21:06.743+02:00\ date=\06-24-2024\ component=\DeviceConfiguration-Button\ context=\\ type=\1\ thread=\17\ file=\DeviceConfigurationButton.ps1\>
<![LOG[ConfigurationPoliciesButton clicked]LOG]!><time=\10:21:16.169+02:00\ date=\06-24-2024\ component=\ConfigurationPolicies-Button\ context=\\ type=\1\ thread=\17\ file=\ConfigurationPoliciesButton.ps1\>
<![LOG[Set CurrentPolicyType to configurationPolicies]LOG]!><time=\10:21:16.170+02:00\ date=\06-24-2024\ component=\ConfigurationPolicies-Button\ context=\\ type=\1\ thread=\17\ file=\ConfigurationPoliciesButton.ps1\>
<![LOG[Starting Get-GraphData for https://graph.microsoft.com/beta/deviceManagement/configurationPolicies?$expand=assignments]LOG]!><time=\10:21:16.172+02:00\ date=\06-24-2024\ component=\Get-GraphData\ context=\\ type=\1\ thread=\17\ file=\Functions.ps1\>
<![LOG[Fetching data from https://graph.microsoft.com/beta/deviceManagement/configurationPolicies?$expand=assignments]LOG]!><time=\10:21:16.174+02:00\ date=\06-24-2024\ component=\Get-GraphData\ context=\\ type=\1\ thread=\17\ file=\Functions.ps1\>
<![LOG[Next page URL: https://graph.microsoft.com/beta/deviceManagement/configurationPolicies?$expand=assignments&$skiptoken=%255Bcosmosdb%255D%255B%257B%2522compositeToken%2522%253A%257B%2522token%2522%253Anull%252C%2522range%2522%253A%257B%2522min%2522%253A%2522%2522%252C%2522max%2522%253A%2522114FC998234D2B737DB891EED734C675%2522%257D%257D%252C%2522orderByItems%2522%253A%255B%257B%2522item%2522%253A%2522v4-ims-bp-advise-application%2520location%2520settings%2520to%2520user%2520defined%2522%257D%255D%252C%2522rid%2522%253A%2522EWA-AIIdN8zDgwEAAAAACg%253D%253D%2522%252C%2522skipCount%2522%253A1%252C%2522filter%2522%253A%2522true%2522%257D%255D]LOG]!><time=\10:21:16.565+02:00\ date=\06-24-2024\ component=\Get-GraphData\ context=\\ type=\1\ thread=\17\ file=\Functions.ps1\>
<![LOG[Fetching data from https://graph.microsoft.com/beta/deviceManagement/configurationPolicies?$expand=assignments&$skiptoken=%255Bcosmosdb%255D%255B%257B%2522compositeToken%2522%253A%257B%2522token%2522%253Anull%252C%2522range%2522%253A%257B%2522min%2522%253A%2522%2522%252C%2522max%2522%253A%2522114FC998234D2B737DB891EED734C675%2522%257D%257D%252C%2522orderByItems%2522%253A%255B%257B%2522item%2522%253A%2522v4-ims-bp-advise-application%2520location%2520settings%2520to%2520user%2520defined%2522%257D%255D%252C%2522rid%2522%253A%2522EWA-AIIdN8zDgwEAAAAACg%253D%253D%2522%252C%2522skipCount%2522%253A1%252C%2522filter%2522%253A%2522true%2522%257D%255D]LOG]!><time=\10:21:16.567+02:00\ date=\06-24-2024\ component=\Get-GraphData\ context=\\ type=\1\ thread=\17\ file=\Functions.ps1\>
<![LOG[Next page URL: https://graph.microsoft.com/beta/deviceManagement/configurationPolicies?$expand=assignments&$skiptoken=%255Bcosmosdb%255D%255B%257B%2522compositeToken%2522%253A%257B%2522token%2522%253Anull%252C%2522range%2522%253A%257B%2522min%2522%253A%2522114FC998234D2B737DB891EED734C675%2522%252C%2522max%2522%253A%2522229F9330469A56E6FB7123DDAE698CEB%2522%257D%257D%252C%2522orderByItems%2522%253A%255B%257B%2522item%2522%253A%2522wadp%2520demo%2522%257D%255D%252C%2522rid%2522%253A%2522EWA-AIIdN8ywCAMAAAAABg%253D%253D%2522%252C%2522skipCount%2522%253A1%252C%2522filter%2522%253A%2522%2528%2520p.NormalizedDisplayName%2520%253E%253D%2520%255C%2522v4-ims-bp-advise-application%2520location%2520settings%2520to%2520user%2520defined%255C%2522%2520OR%2520IS_ARRAY%2528p.NormalizedDisplayName%2529%2520OR%2520IS_OBJECT%2528p.NormalizedDisplayName%2529%2520%2529%2522%257D%255D]LOG]!><time=\10:21:16.776+02:00\ date=\06-24-2024\ component=\Get-GraphData\ context=\\ type=\1\ thread=\17\ file=\Functions.ps1\>
<![LOG[Fetching data from https://graph.microsoft.com/beta/deviceManagement/configurationPolicies?$expand=assignments&$skiptoken=%255Bcosmosdb%255D%255B%257B%2522compositeToken%2522%253A%257B%2522token%2522%253Anull%252C%2522range%2522%253A%257B%2522min%2522%253A%2522114FC998234D2B737DB891EED734C675%2522%252C%2522max%2522%253A%2522229F9330469A56E6FB7123DDAE698CEB%2522%257D%257D%252C%2522orderByItems%2522%253A%255B%257B%2522item%2522%253A%2522wadp%2520demo%2522%257D%255D%252C%2522rid%2522%253A%2522EWA-AIIdN8ywCAMAAAAABg%253D%253D%2522%252C%2522skipCount%2522%253A1%252C%2522filter%2522%253A%2522%2528%2520p.NormalizedDisplayName%2520%253E%253D%2520%255C%2522v4-ims-bp-advise-application%2520location%2520settings%2520to%2520user%2520defined%255C%2522%2520OR%2520IS_ARRAY%2528p.NormalizedDisplayName%2529%2520OR%2520IS_OBJECT%2528p.NormalizedDisplayName%2529%2520%2529%2522%257D%255D]LOG]!><time=\10:21:16.778+02:00\ date=\06-24-2024\ component=\Get-GraphData\ context=\\ type=\1\ thread=\17\ file=\Functions.ps1\>
<![LOG[Successfully fetched all data]LOG]!><time=\10:21:17.162+02:00\ date=\06-24-2024\ component=\Get-GraphData\ context=\\ type=\1\ thread=\17\ file=\Functions.ps1\>
<![LOG[Starting Get-AllSecurityGroups]LOG]!><time=\10:21:17.165+02:00\ date=\06-24-2024\ component=\Get-AllSecurityGroups\ context=\\ type=\1\ thread=\17\ file=\Functions.ps1\>
<![LOG[Fetching security groups from https://graph.microsoft.com/beta/groups]LOG]!><time=\10:21:17.167+02:00\ date=\06-24-2024\ component=\Get-AllSecurityGroups\ context=\\ type=\1\ thread=\17\ file=\Functions.ps1\>
<![LOG[Successfully fetched security groups]LOG]!><time=\10:21:17.277+02:00\ date=\06-24-2024\ component=\Get-AllSecurityGroups\ context=\\ type=\1\ thread=\17\ file=\Functions.ps1\>
<![LOG[Starting Get-AllAssignmentFilters]LOG]!><time=\10:21:17.306+02:00\ date=\06-24-2024\ component=\Get-AllAssignmentFilters\ context=\\ type=\1\ thread=\17\ file=\Functions.ps1\>
<![LOG[Fetching assignment filters from https://graph.microsoft.com/beta/deviceManagement/assignmentFilters]LOG]!><time=\10:21:17.323+02:00\ date=\06-24-2024\ component=\Get-AllAssignmentFilters\ context=\\ type=\1\ thread=\17\ file=\Functions.ps1\>
<![LOG[Successfully fetched assignment filters]LOG]!><time=\10:21:17.434+02:00\ date=\06-24-2024\ component=\Get-AllAssignmentFilters\ context=\\ type=\1\ thread=\17\ file=\Functions.ps1\>
<![LOG[Called Load-PolicyData for configurationPolicies]LOG]!><time=\10:21:17.461+02:00\ date=\06-24-2024\ component=\ConfigurationPolicies-Button\ context=\\ type=\1\ thread=\17\ file=\ConfigurationPoliciesButton.ps1\>
